<?xml version="1.0" encoding="UTF-8"?>
<!-- Generated by org.testng.reporters.JUnitReportReporter -->
<testsuite hostname="DESKTOP-Q10TGHM" failures="0" tests="2" name="Test_Scripts.Report" time="27.766" errors="0" timestamp="2024-01-05T19:38:48 IST" skipped="0">
  <testcase classname="Test_Scripts.Report" name="reportTest2" time="13.101"/>
  <system-out/>
  <testcase classname="Test_Scripts.Report" name="reportTest" time="14.665"/>
  <system-out/>
</testsuite> <!-- Test_Scripts.Report -->
