<?xml version="1.0" encoding="UTF-8"?>
<!-- Generated by org.testng.reporters.JUnitReportReporter -->
<testsuite hostname="DESKTOP-Q10TGHM" failures="0" tests="2" name="Test_Scripts.Report" time="18.197" errors="0" timestamp="2024-01-01T17:07:22 IST" skipped="0">
  <testcase classname="Test_Scripts.Report" name="reportTest2" time="8.307"/>
  <system-out/>
  <testcase classname="Test_Scripts.Report" name="reportTest" time="9.890"/>
  <system-out/>
</testsuite> <!-- Test_Scripts.Report -->
