<?xml version="1.0" encoding="UTF-8"?>
<!-- Generated by org.testng.reporters.JUnitReportReporter -->
<testsuite hostname="DESKTOP-Q10TGHM" failures="0" tests="4" name="Test_Scripts.BooksTest" time="16.041" errors="0" timestamp="2024-01-01T17:04:07 IST" skipped="0">
  <testcase classname="Test_Scripts.BooksTest" name="booksTest_001" time="7.998"/>
  <system-out/>
  <testcase classname="Test_Scripts.BooksTest" name="booksTest_003" time="3.462"/>
  <system-out/>
  <testcase classname="Test_Scripts.BooksTest" name="verifyBookPage" time="0.765"/>
  <system-out>
    <![CDATA[Verify books page is Displayed
Test case Completed and it is passed]]>
  </system-out>
  <testcase classname="Test_Scripts.BooksTest" name="booksTest_002" time="3.816"/>
  <system-out/>
</testsuite> <!-- Test_Scripts.BooksTest -->
