<?xml version="1.0" encoding="UTF-8"?>
<!-- Generated by org.testng.reporters.JUnitReportReporter -->
<testsuite hostname="DESKTOP-Q10TGHM" failures="0" tests="1" name="Test_Scripts.JewelryTest" time="1.784" errors="0" timestamp="2024-01-01T17:07:50 IST" skipped="0">
  <testcase classname="Test_Scripts.JewelryTest" name="DiamondHeartTest" time="1.784"/>
  <system-out>
    <![CDATA[ScreenShot Taken]]>
  </system-out>
</testsuite> <!-- Test_Scripts.JewelryTest -->
